[2024-05-16 15:15:16] root: INFO: Starting Flye 2.9.3-b1797
[2024-05-16 15:15:16] root: DEBUG: Cmd: /opt/conda/envs/extra_env/bin/flye --nano-corr long_reads.filtered.fastq -o flye_dir -t 4
[2024-05-16 15:15:16] root: DEBUG: Python version: 3.10.14 | packaged by conda-forge | (main, Mar 20 2024, 12:45:18) [GCC 12.3.0]
[2024-05-16 15:15:16] root: INFO: >>>STAGE: configure
[2024-05-16 15:15:16] root: INFO: Configuring run
[2024-05-16 15:15:19] root: INFO: Total read length: 609657642
[2024-05-16 15:15:19] root: INFO: Reads N50/N90: 15102 / 3993
[2024-05-16 15:15:19] root: INFO: Minimum overlap set to 4000
[2024-05-16 15:15:19] root: INFO: >>>STAGE: assembly
[2024-05-16 15:15:19] root: INFO: Assembling disjointigs
[2024-05-16 15:15:19] root: DEBUG: -----Begin assembly log------
[2024-05-16 15:15:19] root: DEBUG: Running: flye-modules assemble --reads /home/jovyan/work/Esercitazioni/long_reads.filtered.fastq --out-asm /home/jovyan/work/Esercitazioni/flye_dir/00-assembly/draft_assembly.fasta --config /opt/conda/envs/extra_env/lib/python3.10/site-packages/flye/config/bin_cfg/asm_corrected_reads.cfg --log /home/jovyan/work/Esercitazioni/flye_dir/flye.log --threads 4 --min-ovlp 4000
[2024-05-16 15:15:19] DEBUG: Build date: Apr  1 2024 10:46:52
[2024-05-16 15:15:19] DEBUG: Total RAM: 62 Gb
[2024-05-16 15:15:19] DEBUG: Available RAM: 52 Gb
[2024-05-16 15:15:19] DEBUG: Total CPUs: 24
[2024-05-16 15:15:19] DEBUG: Loading /opt/conda/envs/extra_env/lib/python3.10/site-packages/flye/config/bin_cfg/asm_corrected_reads.cfg
[2024-05-16 15:15:19] DEBUG: Loading /opt/conda/envs/extra_env/lib/python3.10/site-packages/flye/config/bin_cfg/asm_defaults.cfg
[2024-05-16 15:15:19] DEBUG: 	big_genome_threshold=29000000
[2024-05-16 15:15:19] DEBUG: 	meta_read_filter_kmer_freq=100
[2024-05-16 15:15:19] DEBUG: 	chain_large_gap_penalty=2
[2024-05-16 15:15:19] DEBUG: 	chain_small_gap_penalty=0.5
[2024-05-16 15:15:19] DEBUG: 	chain_gap_jump_threshold=100
[2024-05-16 15:15:19] DEBUG: 	max_jump_gap=500
[2024-05-16 15:15:19] DEBUG: 	max_coverage_drop_rate=5
[2024-05-16 15:15:19] DEBUG: 	max_extensions_drop_rate=5
[2024-05-16 15:15:19] DEBUG: 	chimera_window=100
[2024-05-16 15:15:19] DEBUG: 	chimera_overhang=1000
[2024-05-16 15:15:19] DEBUG: 	min_reads_in_disjointig=4
[2024-05-16 15:15:19] DEBUG: 	max_inner_reads=10
[2024-05-16 15:15:19] DEBUG: 	max_inner_fraction=0.25
[2024-05-16 15:15:19] DEBUG: 	aggressive_dup_filter=1
[2024-05-16 15:15:19] DEBUG: 	max_separation=500
[2024-05-16 15:15:19] DEBUG: 	unique_edge_length=50000
[2024-05-16 15:15:19] DEBUG: 	min_repeat_res_support=0.51
[2024-05-16 15:15:19] DEBUG: 	out_paths_ratio=5
[2024-05-16 15:15:19] DEBUG: 	graph_cov_drop_rate=5
[2024-05-16 15:15:19] DEBUG: 	coverage_estimate_window=100
[2024-05-16 15:15:19] DEBUG: 	max_bubble_length=50000
[2024-05-16 15:15:19] DEBUG: 	loop_coverage_rate=1.5
[2024-05-16 15:15:19] DEBUG: 	repeat_edge_cov_mult=1.75
[2024-05-16 15:15:19] DEBUG: 	weak_detach_rate=5
[2024-05-16 15:15:19] DEBUG: 	tip_coverage_rate=2
[2024-05-16 15:15:19] DEBUG: 	tip_length_rate=2
[2024-05-16 15:15:19] DEBUG: 	output_gfa_before_rr=1
[2024-05-16 15:15:19] DEBUG: 	remove_alt_edges=0
[2024-05-16 15:15:19] DEBUG: 	low_cutoff_warning=0
[2024-05-16 15:15:19] DEBUG: 	kmer_size=17
[2024-05-16 15:15:19] DEBUG: 	use_minimizers=1
[2024-05-16 15:15:19] DEBUG: 	minimizer_window=5
[2024-05-16 15:15:19] DEBUG: 	reads_base_alignment=1
[2024-05-16 15:15:19] DEBUG: 	meta_read_top_kmer_rate=0.75
[2024-05-16 15:15:19] DEBUG: 	maximum_jump=1500
[2024-05-16 15:15:19] DEBUG: 	maximum_overhang=500
[2024-05-16 15:15:19] DEBUG: 	repeat_kmer_rate=100
[2024-05-16 15:15:19] DEBUG: 	assemble_ovlp_divergence=0.03
[2024-05-16 15:15:19] DEBUG: 	assemble_divergence_relative=1
[2024-05-16 15:15:19] DEBUG: 	repeat_graph_ovlp_divergence=0.03
[2024-05-16 15:15:19] DEBUG: 	read_align_ovlp_divergence=0.10
[2024-05-16 15:15:19] DEBUG: 	hpc_scoring_on=1
[2024-05-16 15:15:19] DEBUG: 	add_unassembled_reads=0
[2024-05-16 15:15:19] DEBUG: 	extend_contigs_with_repeats=0
[2024-05-16 15:15:19] DEBUG: 	min_read_cov_cutoff=3
[2024-05-16 15:15:19] DEBUG: 	short_tip_length=10000
[2024-05-16 15:15:19] DEBUG: 	long_tip_length=100000
[2024-05-16 15:15:19] DEBUG: Running with k-mer size: 17
[2024-05-16 15:15:19] DEBUG: Running with minimum overlap 4000
[2024-05-16 15:15:19] DEBUG: Metagenome mode: N
[2024-05-16 15:15:19] DEBUG: Short mode: N
[2024-05-16 15:15:19] INFO: Reading sequences
[2024-05-16 15:15:22] DEBUG: Building positional index
[2024-05-16 15:15:22] DEBUG: Total sequence: 548538397 bp
[2024-05-16 15:15:22] INFO: Building minimizer index
[2024-05-16 15:15:22] INFO: Pre-calculating index storage
[2024-05-16 15:15:49] DEBUG: Mean k-mer frequency: 2.41551
[2024-05-16 15:15:49] DEBUG: Repetitive k-mer frequency: 241
[2024-05-16 15:15:49] DEBUG: Filtered 9163939 repetitive k-mers (0.0501709)
[2024-05-16 15:15:50] INFO: Filling index
[2024-05-16 15:16:14] DEBUG: Sorting k-mer index
[2024-05-16 15:16:17] DEBUG: Selected k-mers: 75604233
[2024-05-16 15:16:17] DEBUG: K-mer index size: 173490402
[2024-05-16 15:16:17] DEBUG: Mean k-mer frequency: 2.29472
[2024-05-16 15:16:17] DEBUG: Minimizer rate: 3.16178
[2024-05-16 15:16:17] DEBUG: Peak RAM usage: 5 Gb
[2024-05-16 15:16:17] DEBUG: Estimating k-mer identity bias
[2024-05-16 15:17:56] DEBUG: Initial divergence estimate : 0.158325
[2024-05-16 15:17:56] DEBUG: Relative threshold: Y
[2024-05-16 15:17:56] DEBUG: Max divergence threshold set to 0.188325
[2024-05-16 15:17:56] INFO: Extending reads
[2024-05-16 15:17:56] DEBUG: Estimating overlap coverage
[2024-05-16 15:24:04] INFO: Overlap-based coverage: 108
[2024-05-16 15:24:04] INFO: Median overlap divergence: 0.16182
[2024-05-16 15:24:04] DEBUG: Sequence divergence distribution: 

    |                               **    |                                                              
    |                               **    |                                                              
    |                               *** **|                                                              
    |                           ** **** **|                                                              
    |                         * ******* **|                                                              
    |                         ********* **|                                                              
    |                         *************                                                              
    |                         *************                                                              
    |                         **************                                                             
    |                        *****************                                                           
    |                       ******************                                                           
    |                       ****************** *                                                         
    |                       ********************                                                         
    |                     * *********************                                                        
    |                   * ************************                                                       
    |                   * ************************                                                       
    |                   ***************************                                                      
    |                 *******************************                                                    
    |                ***********************************                                                 
    |              ****************************************** * *                                        
    ----------------------------------------------------------------------------------------------------
    0%        5%        10%       15%       20%       25%       30%       35%       40%       45%       

    Q25 = 0.14, Q50 = 0.16, Q75 = 0.19

[2024-05-16 15:25:03] DEBUG: Assembled disjointig 1
	With 36 reads
	Start read: +DRR187567.8372
	At position: 22
	leftTip: 0 rightTip: 0
	Suspicious: 0
	Short ext: 0
	Mean extensions: 229
	Avg overlap len: 26148
	Min overlap len: 7959
	Inner reads: 0
	Length: 155608
[2024-05-16 15:25:03] DEBUG: Inner: 6930 covered: 8250 total: 84184
[2024-05-16 15:29:23] DEBUG: Assembled disjointig 2
	With 308 reads
	Start read: +DRR187567.46883
	At position: 302
	leftTip: 0 rightTip: 0
	Suspicious: 0
	Short ext: 0
	Mean extensions: 99
	Avg overlap len: 39588
	Min overlap len: 20867
	Inner reads: 0
	Length: 2948390
[2024-05-16 15:29:24] DEBUG: Inner: 71920 covered: 75076 total: 84184
[2024-05-16 15:29:24] DEBUG: Discarded disjointig with 297 reads and 295 inner overlaps
[2024-05-16 15:29:25] DEBUG: Discarded disjointig with 225 reads and 222 inner overlaps
[2024-05-16 15:29:26] DEBUG: Discarded disjointig with 276 reads and 273 inner overlaps
[2024-05-16 15:34:00] INFO: Assembled 2 disjointigs
[2024-05-16 15:34:01] INFO: Generating sequence
[2024-05-16 15:34:06] DEBUG: Building positional index
[2024-05-16 15:34:06] DEBUG: Total sequence: 3104031 bp
[2024-05-16 15:34:06] DEBUG: Mean k-mer frequency: 1.03129
[2024-05-16 15:34:06] DEBUG: Repetitive k-mer frequency: 103
[2024-05-16 15:34:06] DEBUG: Filtered 0 repetitive k-mers (0)
[2024-05-16 15:34:06] DEBUG: Sorting k-mer index
[2024-05-16 15:34:06] DEBUG: Selected k-mers: 1003428
[2024-05-16 15:34:06] DEBUG: K-mer index size: 1034825
[2024-05-16 15:34:06] DEBUG: Mean k-mer frequency: 1.03129
[2024-05-16 15:34:06] DEBUG: Minimizer rate: 2.99957
[2024-05-16 15:34:06] INFO: Filtering contained disjointigs
[2024-05-16 15:34:08] DEBUG: Computing transitive closure for overlaps
[2024-05-16 15:34:08] DEBUG: Found 8 overlaps
[2024-05-16 15:34:08] DEBUG: Left 8 overlaps after filtering
[2024-05-16 15:34:08] INFO: Contained seqs: 0
[2024-05-16 15:34:08] DEBUG: Writing FASTA
[2024-05-16 15:34:08] DEBUG: Peak RAM usage: 5 Gb
-----------End assembly log------------
[2024-05-16 15:34:08] root: DEBUG: Disjointigs length: 3104031, N50: 2948225
[2024-05-16 15:34:08] root: INFO: >>>STAGE: consensus
[2024-05-16 15:34:08] root: INFO: Running Minimap2
[2024-05-16 15:38:05] root: INFO: Computing consensus
[2024-05-16 15:44:18] root: INFO: Alignment error rate: 0.174253
[2024-05-16 15:44:18] root: INFO: >>>STAGE: repeat
[2024-05-16 15:44:18] root: INFO: Building and resolving repeat graph
[2024-05-16 15:44:18] root: DEBUG: -----Begin repeat analyser log------
[2024-05-16 15:44:18] root: DEBUG: Running: flye-modules repeat --disjointigs /home/jovyan/work/Esercitazioni/flye_dir/10-consensus/consensus.fasta --reads /home/jovyan/work/Esercitazioni/long_reads.filtered.fastq --out-dir /home/jovyan/work/Esercitazioni/flye_dir/20-repeat --config /opt/conda/envs/extra_env/lib/python3.10/site-packages/flye/config/bin_cfg/asm_corrected_reads.cfg --log /home/jovyan/work/Esercitazioni/flye_dir/flye.log --threads 4 --min-ovlp 4000
[2024-05-16 15:44:18] DEBUG: Build date: Apr  1 2024 10:47:22
[2024-05-16 15:44:18] DEBUG: Total RAM: 62 Gb
[2024-05-16 15:44:18] DEBUG: Available RAM: 49 Gb
[2024-05-16 15:44:18] DEBUG: Total CPUs: 24
[2024-05-16 15:44:18] DEBUG: Loading /opt/conda/envs/extra_env/lib/python3.10/site-packages/flye/config/bin_cfg/asm_corrected_reads.cfg
[2024-05-16 15:44:18] DEBUG: Loading /opt/conda/envs/extra_env/lib/python3.10/site-packages/flye/config/bin_cfg/asm_defaults.cfg
[2024-05-16 15:44:18] DEBUG: 	big_genome_threshold=29000000
[2024-05-16 15:44:18] DEBUG: 	meta_read_filter_kmer_freq=100
[2024-05-16 15:44:18] DEBUG: 	chain_large_gap_penalty=2
[2024-05-16 15:44:18] DEBUG: 	chain_small_gap_penalty=0.5
[2024-05-16 15:44:18] DEBUG: 	chain_gap_jump_threshold=100
[2024-05-16 15:44:18] DEBUG: 	max_jump_gap=500
[2024-05-16 15:44:18] DEBUG: 	max_coverage_drop_rate=5
[2024-05-16 15:44:18] DEBUG: 	max_extensions_drop_rate=5
[2024-05-16 15:44:18] DEBUG: 	chimera_window=100
[2024-05-16 15:44:18] DEBUG: 	chimera_overhang=1000
[2024-05-16 15:44:18] DEBUG: 	min_reads_in_disjointig=4
[2024-05-16 15:44:18] DEBUG: 	max_inner_reads=10
[2024-05-16 15:44:18] DEBUG: 	max_inner_fraction=0.25
[2024-05-16 15:44:18] DEBUG: 	aggressive_dup_filter=1
[2024-05-16 15:44:18] DEBUG: 	max_separation=500
[2024-05-16 15:44:18] DEBUG: 	unique_edge_length=50000
[2024-05-16 15:44:18] DEBUG: 	min_repeat_res_support=0.51
[2024-05-16 15:44:18] DEBUG: 	out_paths_ratio=5
[2024-05-16 15:44:18] DEBUG: 	graph_cov_drop_rate=5
[2024-05-16 15:44:18] DEBUG: 	coverage_estimate_window=100
[2024-05-16 15:44:18] DEBUG: 	max_bubble_length=50000
[2024-05-16 15:44:18] DEBUG: 	loop_coverage_rate=1.5
[2024-05-16 15:44:18] DEBUG: 	repeat_edge_cov_mult=1.75
[2024-05-16 15:44:18] DEBUG: 	weak_detach_rate=5
[2024-05-16 15:44:18] DEBUG: 	tip_coverage_rate=2
[2024-05-16 15:44:18] DEBUG: 	tip_length_rate=2
[2024-05-16 15:44:18] DEBUG: 	output_gfa_before_rr=1
[2024-05-16 15:44:18] DEBUG: 	remove_alt_edges=0
[2024-05-16 15:44:18] DEBUG: 	low_cutoff_warning=0
[2024-05-16 15:44:18] DEBUG: 	kmer_size=17
[2024-05-16 15:44:18] DEBUG: 	use_minimizers=1
[2024-05-16 15:44:18] DEBUG: 	minimizer_window=5
[2024-05-16 15:44:18] DEBUG: 	reads_base_alignment=1
[2024-05-16 15:44:18] DEBUG: 	meta_read_top_kmer_rate=0.75
[2024-05-16 15:44:18] DEBUG: 	maximum_jump=1500
[2024-05-16 15:44:18] DEBUG: 	maximum_overhang=500
[2024-05-16 15:44:18] DEBUG: 	repeat_kmer_rate=100
[2024-05-16 15:44:18] DEBUG: 	assemble_ovlp_divergence=0.03
[2024-05-16 15:44:18] DEBUG: 	assemble_divergence_relative=1
[2024-05-16 15:44:18] DEBUG: 	repeat_graph_ovlp_divergence=0.03
[2024-05-16 15:44:18] DEBUG: 	read_align_ovlp_divergence=0.10
[2024-05-16 15:44:18] DEBUG: 	hpc_scoring_on=1
[2024-05-16 15:44:18] DEBUG: 	add_unassembled_reads=0
[2024-05-16 15:44:18] DEBUG: 	extend_contigs_with_repeats=0
[2024-05-16 15:44:18] DEBUG: 	min_read_cov_cutoff=3
[2024-05-16 15:44:18] DEBUG: 	short_tip_length=10000
[2024-05-16 15:44:18] DEBUG: 	long_tip_length=100000
[2024-05-16 15:44:18] DEBUG: Running with k-mer size: 17
[2024-05-16 15:44:18] DEBUG: Selected minimum overlap 4000
[2024-05-16 15:44:18] DEBUG: Metagenome mode: N
[2024-05-16 15:44:18] INFO: Parsing disjointigs
[2024-05-16 15:44:18] DEBUG: Building positional index
[2024-05-16 15:44:18] DEBUG: Total sequence: 3130167 bp
[2024-05-16 15:44:18] INFO: Building repeat graph
[2024-05-16 15:44:19] DEBUG: Mean k-mer frequency: 1.08464
[2024-05-16 15:44:19] DEBUG: Repetitive k-mer frequency: 108
[2024-05-16 15:44:19] DEBUG: Filtered 0 repetitive k-mers (0)
[2024-05-16 15:44:19] DEBUG: Sorting k-mer index
[2024-05-16 15:44:19] DEBUG: Selected k-mers: 962444
[2024-05-16 15:44:19] DEBUG: K-mer index size: 1043906
[2024-05-16 15:44:19] DEBUG: Mean k-mer frequency: 1.08464
[2024-05-16 15:44:19] DEBUG: Minimizer rate: 2.99851
[2024-05-16 15:44:21] DEBUG: Computing transitive closure for overlaps
[2024-05-16 15:44:21] DEBUG: Found 98 overlaps
[2024-05-16 15:44:21] DEBUG: Left 40 overlaps after filtering
[2024-05-16 15:44:21] INFO: Median overlap divergence: 0.0253244
[2024-05-16 15:44:21] DEBUG: Sequence divergence distribution: 

    |    * |                                                                                             
    |    * |                                                                                             
    |    * |                                                                                             
    |    * |                                                                                             
    |    * |                                                                                             
    |    * |                                                                                             
    |    * |                                                                                             
    |    * |                                                                                             
    |    * |                                                                                             
    |    * |                                                                                             
    |*   ***                                                                                             
    |*   ***                                                                                             
    |*   ***                                                                                             
    |*   ***                                                                                             
    |*   ***                                                                                             
    |*   **** *                                                                                          
    |*   **** *                                                                                          
    |*   **** *                                                                                          
    |*   **** *                                                                                          
    |*   **** *                                                                                          
    ----------------------------------------------------------------------------------------------------
    0%        5%        10%       15%       20%       25%       30%       35%       40%       45%       

    Q25 = 0.02, Q50 = 0.025, Q75 = 0.032

[2024-05-16 15:44:21] DEBUG: Computing gluepoints
[2024-05-16 15:44:21] DEBUG: Added 0 gluepoint projections
[2024-05-16 15:44:21] DEBUG: Created 52 gluepoints
[2024-05-16 15:44:21] DEBUG: Artificial loops removed: 0 left, 0 right, 0 both
[2024-05-16 15:44:21] DEBUG: Initializing edges
[2024-05-16 15:44:21] DEBUG: Edges length checksum: 11266990495
[2024-05-16 15:44:21] DEBUG: Filtered 0 singleton segments
[2024-05-16 15:44:21] DEBUG: Removed 0 simple and 0 double chimeric junctions
[2024-05-16 15:44:21] DEBUG: Collapsed 3 edges
[2024-05-16 15:44:21] DEBUG:  	14	+disjointig_1	37267	156492	119225	
[2024-05-16 15:44:21] DEBUG:  	4	+disjointig_2	41641	46672	5031	
[2024-05-16 15:44:21] DEBUG: *	16	+disjointig_2	46672	666852	620180	
[2024-05-16 15:44:21] DEBUG:  	13	+disjointig_2	666852	673522	6670	
[2024-05-16 15:44:21] DEBUG: *	-11	+disjointig_2	673522	1131139	457617	
[2024-05-16 15:44:21] DEBUG:  	-4	+disjointig_2	1131139	1136470	5331	
[2024-05-16 15:44:21] DEBUG: *	5	+disjointig_2	1136470	1174897	38427	
[2024-05-16 15:44:21] DEBUG:  	-4	+disjointig_2	1174897	1179976	5079	
[2024-05-16 15:44:21] DEBUG: *	7	+disjointig_2	1179976	2396741	1216765	
[2024-05-16 15:44:21] DEBUG:  	13	+disjointig_2	2396741	2403408	6667	
[2024-05-16 15:44:21] DEBUG: *	-8	+disjointig_2	2403408	2629239	225831	
[2024-05-16 15:44:21] DEBUG:  	4	+disjointig_2	2629239	2634403	5164	
[2024-05-16 15:44:21] DEBUG: *	-6	+disjointig_2	2634403	2818083	183680	
[2024-05-16 15:44:21] DEBUG:  	4	+disjointig_2	2818083	2823286	5203	
[2024-05-16 15:44:21] DEBUG: *	15	+disjointig_2	2823286	2932126	108840	
[2024-05-16 15:44:21] DEBUG:  	4	+disjointig_2	2932126	2937224	5098	
[2024-05-16 15:44:21] DEBUG: Total edges: 16
[2024-05-16 15:44:21] INFO: Parsing reads
[2024-05-16 15:44:23] DEBUG: Building positional index
[2024-05-16 15:44:23] DEBUG: Total sequence: 609657642 bp
[2024-05-16 15:44:23] DEBUG: Building positional index
[2024-05-16 15:44:23] DEBUG: Total sequence: 3014808 bp
[2024-05-16 15:44:23] INFO: Aligning reads to the graph
[2024-05-16 15:44:23] DEBUG: Mean k-mer frequency: 1.05101
[2024-05-16 15:44:23] DEBUG: Repetitive k-mer frequency: 105
[2024-05-16 15:44:23] DEBUG: Filtered 0 repetitive k-mers (0)
[2024-05-16 15:44:24] DEBUG: Sorting k-mer index
[2024-05-16 15:44:24] DEBUG: Selected k-mers: 956660
[2024-05-16 15:44:24] DEBUG: K-mer index size: 1005460
[2024-05-16 15:44:24] DEBUG: Mean k-mer frequency: 1.05101
[2024-05-16 15:44:24] DEBUG: Minimizer rate: 2.99844
[2024-05-16 15:45:42] DEBUG: Total reads : 42092
[2024-05-16 15:45:42] DEBUG: Read with aligned parts : 20407
[2024-05-16 15:45:42] DEBUG: Aligned in one piece : 20239
[2024-05-16 15:45:42] INFO: Aligned read sequence: 264207041 / 548538397 (0.481656)
[2024-05-16 15:45:42] INFO: Median overlap divergence: 0.100595
[2024-05-16 15:45:42] DEBUG: Sequence divergence distribution: 

    |                 *****                                                                              
    |                *******                                                                             
    |               *********                                                                            
    |             ************                                                                           
    |            *************                                                                           
    |           ***************                                                                          
    |           ****************                                                                         
    |           *****************                                                                        
    |          ******************                                                                        
    |          *******************                                                                       
    |          *******************                                                                       
    |          ********************                                                                      
    |          *********************                                                                     
    |         ***********************                                                                    
    |         ***********************                                                                    
    |         ************************                                                                   
    |         *************************                                                                  
    |        ***************************                                                                 
    |        *****************************                                                               
    |     **************************************************** *                                         
    ----------------------------------------------------------------------------------------------------
    0%        5%        10%       15%       20%       25%       30%       35%       40%       45%       

    Q25 = 0.077, Q50 = 0.1, Q75 = 0.13

[2024-05-16 15:45:42] INFO: Mean edge coverage: 90
[2024-05-16 15:45:42] DEBUG: 4	len:5151	cov:302	mult:3.35556
[2024-05-16 15:45:42] DEBUG: -4	len:5151	cov:302	mult:3.35556
[2024-05-16 15:45:42] DEBUG: 5	len:38427	cov:61	mult:0.677778
[2024-05-16 15:45:42] DEBUG: -5	len:38427	cov:61	mult:0.677778
[2024-05-16 15:45:42] DEBUG: 6	len:183680	cov:76	mult:0.844444
[2024-05-16 15:45:42] DEBUG: -6	len:183680	cov:76	mult:0.844444
[2024-05-16 15:45:42] DEBUG: 7	len:1216765	cov:70	mult:0.777778
[2024-05-16 15:45:42] DEBUG: -7	len:1216765	cov:70	mult:0.777778
[2024-05-16 15:45:42] DEBUG: 8	len:225831	cov:71	mult:0.788889
[2024-05-16 15:45:42] DEBUG: -8	len:225831	cov:71	mult:0.788889
[2024-05-16 15:45:42] DEBUG: 11	len:457617	cov:96	mult:1.06667
[2024-05-16 15:45:42] DEBUG: -11	len:457617	cov:96	mult:1.06667
[2024-05-16 15:45:42] DEBUG: 13	len:6668	cov:180	mult:2
[2024-05-16 15:45:42] DEBUG: -13	len:6668	cov:180	mult:2
[2024-05-16 15:45:42] DEBUG: 14	len:59612	cov:510	mult:5.66667
[2024-05-16 15:45:42] DEBUG: -14	len:59612	cov:510	mult:5.66667
[2024-05-16 15:45:42] DEBUG: 15	len:108840	cov:85	mult:0.944444
[2024-05-16 15:45:42] DEBUG: -15	len:108840	cov:85	mult:0.944444
[2024-05-16 15:45:42] DEBUG: 16	len:620180	cov:95	mult:1.05556
[2024-05-16 15:45:42] DEBUG: -16	len:620180	cov:95	mult:1.05556
[2024-05-16 15:45:42] DEBUG: Unique coverage threshold 166
[2024-05-16 15:45:42] INFO: Simplifying the graph
[2024-05-16 15:45:42] DEBUG: Read coverage cutoff: 18
[2024-05-16 15:45:42] DEBUG: [SIMPL] Removed 0 paths with low coverage
[2024-05-16 15:45:42] DEBUG: [SIMPL] Masked 0 heterozygous loops
[2024-05-16 15:45:42] DEBUG: [SIMPL] Masked 0 simple bubbles
[2024-05-16 15:45:42] DEBUG: Finding repeats
[2024-05-16 15:45:42] DEBUG: Read coverage cutoff: 18
[2024-05-16 15:45:42] DEBUG: High-cov: 4	5151	302
[2024-05-16 15:45:42] DEBUG: High-cov: 13	6668	180
[2024-05-16 15:45:42] DEBUG: High-cov: 14	59612	510
[2024-05-16 15:45:42] DEBUG: Repeat detection iteration 1
[2024-05-16 15:45:42] DEBUG: Writing Dot
[2024-05-16 15:45:42] DEBUG: Writing FASTA
[2024-05-16 15:45:42] DEBUG: Writing Gfa
[2024-05-16 15:45:42] DEBUG: [SIMPL] == Iteration 1 ==
[2024-05-16 15:45:42] DEBUG: Splitting nodes
[2024-05-16 15:45:42] DEBUG: [SIMPL] Split 0 nodes
[2024-05-16 15:45:42] DEBUG: [SIMPL] Clipped 0 short and 0 long tips
[2024-05-16 15:45:42] DEBUG: [SIMPL] Masked 0 heterozygous loops
[2024-05-16 15:45:42] DEBUG: [SIMPL] Masked 0 simple bubbles
[2024-05-16 15:45:42] DEBUG: Finding repeats
[2024-05-16 15:45:42] DEBUG: Read coverage cutoff: 18
[2024-05-16 15:45:42] DEBUG: High-cov: 4	5151	302
[2024-05-16 15:45:42] DEBUG: High-cov: 13	6668	180
[2024-05-16 15:45:42] DEBUG: High-cov: 14	59612	510
[2024-05-16 15:45:42] DEBUG: Repeat detection iteration 1
[2024-05-16 15:45:42] DEBUG: Total unique edges: 7
[2024-05-16 15:45:42] DEBUG: 	Connection -15	6	38	1
[2024-05-16 15:45:42] DEBUG: 	Connection 5	7	31	1
[2024-05-16 15:45:42] DEBUG: 	Connection 16	-11	58	1
[2024-05-16 15:45:42] DEBUG: 	Connection 6	8	31	1
[2024-05-16 15:45:42] DEBUG: 	Connection 8	-7	27	1
[2024-05-16 15:45:42] DEBUG: 	Connection 15	16	45	1
[2024-05-16 15:45:42] DEBUG: 	Connection -11	5	38	1
[2024-05-16 15:45:42] DEBUG: [SIMPL] Resolved repeats: 7
[2024-05-16 15:45:42] DEBUG: RR links: 536
[2024-05-16 15:45:42] DEBUG: Unresolved: 0
[2024-05-16 15:45:42] DEBUG: Removed 0 simple and 0 double chimeric junctions
[2024-05-16 15:45:42] DEBUG: [SIMPL] == Iteration 2 ==
[2024-05-16 15:45:42] DEBUG: Splitting nodes
[2024-05-16 15:45:42] DEBUG: [SIMPL] Split 0 nodes
[2024-05-16 15:45:42] DEBUG: [SIMPL] Clipped 0 short and 0 long tips
[2024-05-16 15:45:42] DEBUG: [SIMPL] Masked 0 heterozygous loops
[2024-05-16 15:45:42] DEBUG: [SIMPL] Masked 0 simple bubbles
[2024-05-16 15:45:42] DEBUG: Finding repeats
[2024-05-16 15:45:42] DEBUG: Read coverage cutoff: 18
[2024-05-16 15:45:42] DEBUG: High-cov: 14	59612	510
[2024-05-16 15:45:42] DEBUG: Repeat detection iteration 1
[2024-05-16 15:45:42] DEBUG: Total unique edges: 14
[2024-05-16 15:45:42] DEBUG: [SIMPL] Resolved repeats: 0
[2024-05-16 15:45:42] DEBUG: RR links: 0
[2024-05-16 15:45:42] DEBUG: Unresolved: 0
[2024-05-16 15:45:42] DEBUG: Removed 0 simple and 0 double chimeric junctions
[2024-05-16 15:45:42] DEBUG: [SIMPL] Collapsed 0 haplotypes
[2024-05-16 15:45:42] DEBUG: [SIMPL] Resolved 0 simple repeats
[2024-05-16 15:45:42] DEBUG: Read coverage cutoff: 18
[2024-05-16 15:45:42] DEBUG: [SIMPL] Removed 0 paths with low coverage
[2024-05-16 15:45:42] DEBUG: Finding repeats
[2024-05-16 15:45:42] DEBUG: Read coverage cutoff: 18
[2024-05-16 15:45:42] DEBUG: High-cov: 14	59612	510
[2024-05-16 15:45:42] DEBUG: Repeat detection iteration 1
[2024-05-16 15:45:42] DEBUG: Writing Dot
[2024-05-16 15:45:42] DEBUG: Writing FASTA
[2024-05-16 15:45:42] DEBUG: Peak RAM usage: 0 Gb
-----------End assembly log------------
[2024-05-16 15:45:43] root: INFO: >>>STAGE: contigger
[2024-05-16 15:45:43] root: INFO: Generating contigs
[2024-05-16 15:45:43] root: DEBUG: -----Begin contigger analyser log------
[2024-05-16 15:45:43] root: DEBUG: Running: flye-modules contigger --graph-edges /home/jovyan/work/Esercitazioni/flye_dir/20-repeat/repeat_graph_edges.fasta --reads /home/jovyan/work/Esercitazioni/long_reads.filtered.fastq --out-dir /home/jovyan/work/Esercitazioni/flye_dir/30-contigger --config /opt/conda/envs/extra_env/lib/python3.10/site-packages/flye/config/bin_cfg/asm_corrected_reads.cfg --repeat-graph /home/jovyan/work/Esercitazioni/flye_dir/20-repeat/repeat_graph_dump --graph-aln /home/jovyan/work/Esercitazioni/flye_dir/20-repeat/read_alignment_dump --log /home/jovyan/work/Esercitazioni/flye_dir/flye.log --threads 4 --min-ovlp 4000
[2024-05-16 15:45:43] DEBUG: Build date: Apr  1 2024 10:47:53
[2024-05-16 15:45:43] DEBUG: Total RAM: 62 Gb
[2024-05-16 15:45:43] DEBUG: Available RAM: 51 Gb
[2024-05-16 15:45:43] DEBUG: Total CPUs: 24
[2024-05-16 15:45:43] DEBUG: Loading /opt/conda/envs/extra_env/lib/python3.10/site-packages/flye/config/bin_cfg/asm_corrected_reads.cfg
[2024-05-16 15:45:43] DEBUG: Loading /opt/conda/envs/extra_env/lib/python3.10/site-packages/flye/config/bin_cfg/asm_defaults.cfg
[2024-05-16 15:45:43] DEBUG: 	big_genome_threshold=29000000
[2024-05-16 15:45:43] DEBUG: 	meta_read_filter_kmer_freq=100
[2024-05-16 15:45:43] DEBUG: 	chain_large_gap_penalty=2
[2024-05-16 15:45:43] DEBUG: 	chain_small_gap_penalty=0.5
[2024-05-16 15:45:43] DEBUG: 	chain_gap_jump_threshold=100
[2024-05-16 15:45:43] DEBUG: 	max_jump_gap=500
[2024-05-16 15:45:43] DEBUG: 	max_coverage_drop_rate=5
[2024-05-16 15:45:43] DEBUG: 	max_extensions_drop_rate=5
[2024-05-16 15:45:43] DEBUG: 	chimera_window=100
[2024-05-16 15:45:43] DEBUG: 	chimera_overhang=1000
[2024-05-16 15:45:43] DEBUG: 	min_reads_in_disjointig=4
[2024-05-16 15:45:43] DEBUG: 	max_inner_reads=10
[2024-05-16 15:45:43] DEBUG: 	max_inner_fraction=0.25
[2024-05-16 15:45:43] DEBUG: 	aggressive_dup_filter=1
[2024-05-16 15:45:43] DEBUG: 	max_separation=500
[2024-05-16 15:45:43] DEBUG: 	unique_edge_length=50000
[2024-05-16 15:45:43] DEBUG: 	min_repeat_res_support=0.51
[2024-05-16 15:45:43] DEBUG: 	out_paths_ratio=5
[2024-05-16 15:45:43] DEBUG: 	graph_cov_drop_rate=5
[2024-05-16 15:45:43] DEBUG: 	coverage_estimate_window=100
[2024-05-16 15:45:43] DEBUG: 	max_bubble_length=50000
[2024-05-16 15:45:43] DEBUG: 	loop_coverage_rate=1.5
[2024-05-16 15:45:43] DEBUG: 	repeat_edge_cov_mult=1.75
[2024-05-16 15:45:43] DEBUG: 	weak_detach_rate=5
[2024-05-16 15:45:43] DEBUG: 	tip_coverage_rate=2
[2024-05-16 15:45:43] DEBUG: 	tip_length_rate=2
[2024-05-16 15:45:43] DEBUG: 	output_gfa_before_rr=1
[2024-05-16 15:45:43] DEBUG: 	remove_alt_edges=0
[2024-05-16 15:45:43] DEBUG: 	low_cutoff_warning=0
[2024-05-16 15:45:43] DEBUG: 	kmer_size=17
[2024-05-16 15:45:43] DEBUG: 	use_minimizers=1
[2024-05-16 15:45:43] DEBUG: 	minimizer_window=5
[2024-05-16 15:45:43] DEBUG: 	reads_base_alignment=1
[2024-05-16 15:45:43] DEBUG: 	meta_read_top_kmer_rate=0.75
[2024-05-16 15:45:43] DEBUG: 	maximum_jump=1500
[2024-05-16 15:45:43] DEBUG: 	maximum_overhang=500
[2024-05-16 15:45:43] DEBUG: 	repeat_kmer_rate=100
[2024-05-16 15:45:43] DEBUG: 	assemble_ovlp_divergence=0.03
[2024-05-16 15:45:43] DEBUG: 	assemble_divergence_relative=1
[2024-05-16 15:45:43] DEBUG: 	repeat_graph_ovlp_divergence=0.03
[2024-05-16 15:45:43] DEBUG: 	read_align_ovlp_divergence=0.10
[2024-05-16 15:45:43] DEBUG: 	hpc_scoring_on=1
[2024-05-16 15:45:43] DEBUG: 	add_unassembled_reads=0
[2024-05-16 15:45:43] DEBUG: 	extend_contigs_with_repeats=0
[2024-05-16 15:45:43] DEBUG: 	min_read_cov_cutoff=3
[2024-05-16 15:45:43] DEBUG: 	short_tip_length=10000
[2024-05-16 15:45:43] DEBUG: 	long_tip_length=100000
[2024-05-16 15:45:43] DEBUG: Running with k-mer size: 17
[2024-05-16 15:45:43] DEBUG: Selected minimum overlap 4000
[2024-05-16 15:45:43] INFO: Reading sequences
[2024-05-16 15:45:45] DEBUG: Building positional index
[2024-05-16 15:45:45] DEBUG: Total sequence: 609657642 bp
[2024-05-16 15:45:45] DEBUG: Flipped 0
[2024-05-16 15:45:45] DEBUG: UPath 1: 18 -> 7 -> -21 -> -8 -> 20 -> -6 -> 17 -> 15 -> -22 -> 16 -> -19 -> -11 -> 23 -> 5
[2024-05-16 15:45:45] DEBUG: UPath 2: 14
[2024-05-16 15:45:45] DEBUG: Final graph contains 2 egdes
[2024-05-16 15:45:45] DEBUG: Extending contigs into repeats
[2024-05-16 15:45:45] DEBUG: Covered 0 repetitive contigs
[2024-05-16 15:45:45] INFO: Generated 2 contigs
[2024-05-16 15:45:45] DEBUG: Writing FASTA
[2024-05-16 15:45:45] DEBUG: Generating scaffold connections
[2024-05-16 15:45:45] INFO: Added 0 scaffold connections
[2024-05-16 15:45:45] DEBUG: Writing Dot
[2024-05-16 15:45:45] DEBUG: Writing FASTA
[2024-05-16 15:45:45] DEBUG: Writing Gfa
[2024-05-16 15:45:45] DEBUG: Peak RAM usage: 0 Gb
-----------End assembly log------------
[2024-05-16 15:45:45] root: INFO: >>>STAGE: polishing
[2024-05-16 15:45:45] root: INFO: Polishing genome (1/1)
[2024-05-16 15:45:45] root: INFO: Running minimap2
[2024-05-16 15:47:40] root: INFO: Separating alignment into bubbles
[2024-05-16 15:56:13] root: DEBUG: Generated 178789 bubbles
[2024-05-16 15:56:13] root: DEBUG: Split 2 long bubbles
[2024-05-16 15:56:13] root: DEBUG: Skipped 0 empty bubbles
[2024-05-16 15:56:13] root: DEBUG: Skipped 0 bubbles with long branches
[2024-05-16 15:56:13] root: INFO: Alignment error rate: 0.119142
[2024-05-16 15:56:13] root: INFO: Correcting bubbles
[2024-05-16 15:59:01] root: DEBUG: Mean contig coverage: 200, selected threshold: 40
[2024-05-16 15:59:01] root: DEBUG: Filtered 0 contigs of total length 0
[2024-05-16 15:59:01] root: DEBUG: Generating polished GFA
[2024-05-16 15:59:03] root: DEBUG: 0 sequences remained unpolished
[2024-05-16 15:59:03] root: INFO: >>>STAGE: finalize
[2024-05-16 15:59:03] root: DEBUG: ---Output dir contents:----
[2024-05-16 15:59:03] root: DEBUG: flye_dir/
[2024-05-16 15:59:03] root: DEBUG:     2.0 M       assembly.fasta
[2024-05-16 15:59:03] root: DEBUG:     32.0 K      flye.log
[2024-05-16 15:59:03] root: DEBUG:     348.0 B     assembly_graph.gv
[2024-05-16 15:59:03] root: DEBUG:     92.0 B      params.json
[2024-05-16 15:59:03] root: DEBUG:     2.0 M       assembly_graph.gfa
[2024-05-16 15:59:03] root: DEBUG:     10-consensus/
[2024-05-16 15:59:03] root: DEBUG:         3.0 M       consensus.fasta
[2024-05-16 15:59:03] root: DEBUG:         942.0 B     minimap.stderr
[2024-05-16 15:59:03] root: DEBUG:         311.0 K     minimap.bam.bai
[2024-05-16 15:59:03] root: DEBUG:     40-polishing/
[2024-05-16 15:59:03] root: DEBUG:         886.0 B     minimap.stderr
[2024-05-16 15:59:03] root: DEBUG:         55.0 B      filtered_contigs.fasta.fai
[2024-05-16 15:59:03] root: DEBUG:         876.0 K     base_coverage.bed.gz
[2024-05-16 15:59:03] root: DEBUG:         2.0 M       polished_edges.gfa
[2024-05-16 15:59:03] root: DEBUG:         66.0 B      filtered_stats.txt
[2024-05-16 15:59:03] root: DEBUG:         66.0 B      contigs_stats.txt
[2024-05-16 15:59:03] root: DEBUG:         1.0 K       edges_aln.bam.bai
[2024-05-16 15:59:03] root: DEBUG:         259.0 K     minimap_1.bam.bai
[2024-05-16 15:59:03] root: DEBUG:         2.0 M       filtered_contigs.fasta
[2024-05-16 15:59:03] root: DEBUG:     20-repeat/
[2024-05-16 15:59:03] root: DEBUG:         5.0 M       read_alignment_dump
[2024-05-16 15:59:03] root: DEBUG:         2.0 M       graph_before_rr.fasta
[2024-05-16 15:59:03] root: DEBUG:         2.0 M       repeat_graph_edges.fasta
[2024-05-16 15:59:03] root: DEBUG:         3.0 K       repeat_graph_dump
[2024-05-16 15:59:03] root: DEBUG:         1.0 K       graph_after_rr.gv
[2024-05-16 15:59:03] root: DEBUG:         1.0 K       graph_before_rr.gv
[2024-05-16 15:59:03] root: DEBUG:         2.0 M       graph_before_rr.gfa
[2024-05-16 15:59:03] root: DEBUG:     00-assembly/
[2024-05-16 15:59:03] root: DEBUG:         63.0 B      draft_assembly.fasta.fai
[2024-05-16 15:59:03] root: DEBUG:         2.0 M       draft_assembly.fasta
[2024-05-16 15:59:03] root: DEBUG:     30-contigger/
[2024-05-16 15:59:03] root: DEBUG:         2.0 M       graph_final.gfa
[2024-05-16 15:59:03] root: DEBUG:         348.0 B     graph_final.gv
[2024-05-16 15:59:03] root: DEBUG:         0.0 B       scaffolds_links.txt
[2024-05-16 15:59:03] root: DEBUG:         146.0 B     contigs_stats.txt
[2024-05-16 15:59:03] root: DEBUG:         2.0 M       graph_final.fasta
[2024-05-16 15:59:03] root: DEBUG:         2.0 M       contigs.fasta
[2024-05-16 15:59:03] root: DEBUG:         55.0 B      contigs.fasta.fai
[2024-05-16 15:59:03] root: DEBUG:     .ipynb_checkpoints/
[2024-05-16 15:59:03] root: DEBUG:         4.0 K       flye-checkpoint.log
[2024-05-16 15:59:03] root: DEBUG: --------------------------
[2024-05-16 15:59:03] root: INFO: Assembly statistics:

	Total length:	2967147
	Fragments:	2
	Fragments N50:	2907064
	Largest frg:	2907064
	Scaffolds:	0
	Mean coverage:	200

[2024-05-16 15:59:03] root: INFO: Final assembly: /home/jovyan/work/Esercitazioni/flye_dir/assembly.fasta
