[2024-05-16 15:15:16] root: INFO: Starting Flye 2.9.3-b1797
[2024-05-16 15:15:16] root: DEBUG: Cmd: /opt/conda/envs/extra_env/bin/flye --nano-corr long_reads.filtered.fastq -o flye_dir -t 4
[2024-05-16 15:15:16] root: DEBUG: Python version: 3.10.14 | packaged by conda-forge | (main, Mar 20 2024, 12:45:18) [GCC 12.3.0]
[2024-05-16 15:15:16] root: INFO: >>>STAGE: configure
[2024-05-16 15:15:16] root: INFO: Configuring run
[2024-05-16 15:15:19] root: INFO: Total read length: 609657642
[2024-05-16 15:15:19] root: INFO: Reads N50/N90: 15102 / 3993
[2024-05-16 15:15:19] root: INFO: Minimum overlap set to 4000
[2024-05-16 15:15:19] root: INFO: >>>STAGE: assembly
[2024-05-16 15:15:19] root: INFO: Assembling disjointigs
[2024-05-16 15:15:19] root: DEBUG: -----Begin assembly log------
[2024-05-16 15:15:19] root: DEBUG: Running: flye-modules assemble --reads /home/jovyan/work/Esercitazioni/long_reads.filtered.fastq --out-asm /home/jovyan/work/Esercitazioni/flye_dir/00-assembly/draft_assembly.fasta --config /opt/conda/envs/extra_env/lib/python3.10/site-packages/flye/config/bin_cfg/asm_corrected_reads.cfg --log /home/jovyan/work/Esercitazioni/flye_dir/flye.log --threads 4 --min-ovlp 4000
[2024-05-16 15:15:19] DEBUG: Build date: Apr  1 2024 10:46:52
[2024-05-16 15:15:19] DEBUG: Total RAM: 62 Gb
[2024-05-16 15:15:19] DEBUG: Available RAM: 52 Gb
[2024-05-16 15:15:19] DEBUG: Total CPUs: 24
[2024-05-16 15:15:19] DEBUG: Loading /opt/conda/envs/extra_env/lib/python3.10/site-packages/flye/config/bin_cfg/asm_corrected_reads.cfg
[2024-05-16 15:15:19] DEBUG: Loading /opt/conda/envs/extra_env/lib/python3.10/site-packages/flye/config/bin_cfg/asm_defaults.cfg
[2024-05-16 15:15:19] DEBUG: 	big_genome_threshold=29000000
[2024-05-16 15:15:19] DEBUG: 	meta_read_filter_kmer_freq=100
[2024-05-16 15:15:19] DEBUG: 	chain_large_gap_penalty=2
[2024-05-16 15:15:19] DEBUG: 	chain_small_gap_penalty=0.5
[2024-05-16 15:15:19] DEBUG: 	chain_gap_jump_threshold=100
[2024-05-16 15:15:19] DEBUG: 	max_jump_gap=500
[2024-05-16 15:15:19] DEBUG: 	max_coverage_drop_rate=5
[2024-05-16 15:15:19] DEBUG: 	max_extensions_drop_rate=5
[2024-05-16 15:15:19] DEBUG: 	chimera_window=100
[2024-05-16 15:15:19] DEBUG: 	chimera_overhang=1000
[2024-05-16 15:15:19] DEBUG: 	min_reads_in_disjointig=4
[2024-05-16 15:15:19] DEBUG: 	max_inner_reads=10
[2024-05-16 15:15:19] DEBUG: 	max_inner_fraction=0.25
[2024-05-16 15:15:19] DEBUG: 	aggressive_dup_filter=1
[2024-05-16 15:15:19] DEBUG: 	max_separation=500
[2024-05-16 15:15:19] DEBUG: 	unique_edge_length=50000
[2024-05-16 15:15:19] DEBUG: 	min_repeat_res_support=0.51
[2024-05-16 15:15:19] DEBUG: 	out_paths_ratio=5
[2024-05-16 15:15:19] DEBUG: 	graph_cov_drop_rate=5
[2024-05-16 15:15:19] DEBUG: 	coverage_estimate_window=100
[2024-05-16 15:15:19] DEBUG: 	max_bubble_length=50000
[2024-05-16 15:15:19] DEBUG: 	loop_coverage_rate=1.5
[2024-05-16 15:15:19] DEBUG: 	repeat_edge_cov_mult=1.75
[2024-05-16 15:15:19] DEBUG: 	weak_detach_rate=5
[2024-05-16 15:15:19] DEBUG: 	tip_coverage_rate=2
[2024-05-16 15:15:19] DEBUG: 	tip_length_rate=2
[2024-05-16 15:15:19] DEBUG: 	output_gfa_before_rr=1
[2024-05-16 15:15:19] DEBUG: 	remove_alt_edges=0
[2024-05-16 15:15:19] DEBUG: 	low_cutoff_warning=0
[2024-05-16 15:15:19] DEBUG: 	kmer_size=17
[2024-05-16 15:15:19] DEBUG: 	use_minimizers=1
[2024-05-16 15:15:19] DEBUG: 	minimizer_window=5
[2024-05-16 15:15:19] DEBUG: 	reads_base_alignment=1
[2024-05-16 15:15:19] DEBUG: 	meta_read_top_kmer_rate=0.75
[2024-05-16 15:15:19] DEBUG: 	maximum_jump=1500
[2024-05-16 15:15:19] DEBUG: 	maximum_overhang=500
[2024-05-16 15:15:19] DEBUG: 	repeat_kmer_rate=100
[2024-05-16 15:15:19] DEBUG: 	assemble_ovlp_divergence=0.03
[2024-05-16 15:15:19] DEBUG: 	assemble_divergence_relative=1
[2024-05-16 15:15:19] DEBUG: 	repeat_graph_ovlp_divergence=0.03
[2024-05-16 15:15:19] DEBUG: 	read_align_ovlp_divergence=0.10
[2024-05-16 15:15:19] DEBUG: 	hpc_scoring_on=1
[2024-05-16 15:15:19] DEBUG: 	add_unassembled_reads=0
[2024-05-16 15:15:19] DEBUG: 	extend_contigs_with_repeats=0
[2024-05-16 15:15:19] DEBUG: 	min_read_cov_cutoff=3
[2024-05-16 15:15:19] DEBUG: 	short_tip_length=10000
[2024-05-16 15:15:19] DEBUG: 	long_tip_length=100000
[2024-05-16 15:15:19] DEBUG: Running with k-mer size: 17
[2024-05-16 15:15:19] DEBUG: Running with minimum overlap 4000
[2024-05-16 15:15:19] DEBUG: Metagenome mode: N
[2024-05-16 15:15:19] DEBUG: Short mode: N
[2024-05-16 15:15:19] INFO: Reading sequences
[2024-05-16 15:15:22] DEBUG: Building positional index
[2024-05-16 15:15:22] DEBUG: Total sequence: 548538397 bp
[2024-05-16 15:15:22] INFO: Building minimizer index
[2024-05-16 15:15:22] INFO: Pre-calculating index storage
[2024-05-16 15:15:49] DEBUG: Mean k-mer frequency: 2.41551
[2024-05-16 15:15:49] DEBUG: Repetitive k-mer frequency: 241
[2024-05-16 15:15:49] DEBUG: Filtered 9163939 repetitive k-mers (0.0501709)
[2024-05-16 15:15:50] INFO: Filling index
